<?xml version="1.0" encoding="UTF-8"?>
<!-- Generated by org.testng.reporters.JUnitReportReporter -->
<testsuite skipped="0" hostname="LAPTOP-79H0M76G" name="Commands.Windowhandle" tests="1" failures="0" timestamp="16 May 2020 02:02:28 GMT" time="11.611" errors="0">
  <testcase name="FirefoxDriver" time="11.611" classname="Commands.Windowhandle"/>
</testsuite> <!-- Commands.Windowhandle -->
